yarn run v1.22.19
$ storybook build --output-dir /var/folders/dg/np5zb3qx4pz6qn5gc73wlvch0000gn/T/chromatic--89287-NQTFrCNSGGvs
@storybook/cli v7.6.15

info => Cleaning outputDir: /var/folders/dg/np5zb3qx4pz6qn5gc73wlvch0000gn/T/chromatic--89287-NQTFrCNSGGvs
info => Loading presets
info => Building manager..
info => Manager built (104 ms)
info => Building preview..
info => Copying static files: /Users/youngho/WebstormProjects/learnstorybook-design-system/node_modules/@storybook/manager/static at /var/folders/dg/np5zb3qx4pz6qn5gc73wlvch0000gn/T/chromatic--89287-NQTFrCNSGGvs/sb-common-assets
vite v4.3.9 building for production...

./sb-common-assets/fonts.css doesn't exist at build time, it will remain unchanged to be resolved at runtime
transforming...
node_modules/telejson/dist/index.mjs (1413:15) Use of eval in "node_modules/telejson/dist/index.mjs" is strongly discouraged as it poses security risks and may cause issues with minification.
node_modules/telejson/dist/index.mjs (1416:18) Use of eval in "node_modules/telejson/dist/index.mjs" is strongly discouraged as it poses security risks and may cause issues with minification.
✓ 1407 modules transformed.
rendering chunks...
computing gzip size...
../../../../var/folders/dg/np5zb3qx4pz6qn5gc73wlvch0000gn/T/chromatic--89287-NQTFrCNSGGvs/assets/youtube-9f26eb0b.svg                                                   0.72 kB │ gzip:   0.36 kB
../../../../var/folders/dg/np5zb3qx4pz6qn5gc73wlvch0000gn/T/chromatic--89287-NQTFrCNSGGvs/assets/tutorials-adff6365.svg                                                 1.27 kB │ gzip:   0.63 kB
../../../../var/folders/dg/np5zb3qx4pz6qn5gc73wlvch0000gn/T/chromatic--89287-NQTFrCNSGGvs/assets/discord-f7d1b78c.svg                                                   2.41 kB │ gzip:   1.15 kB
../../../../var/folders/dg/np5zb3qx4pz6qn5gc73wlvch0000gn/T/chromatic--89287-NQTFrCNSGGvs/assets/github-cdfc3270.svg                                                    2.72 kB │ gzip:   1.28 kB
../../../../var/folders/dg/np5zb3qx4pz6qn5gc73wlvch0000gn/T/chromatic--89287-NQTFrCNSGGvs/assets/context-c612d889.png                                                   6.12 kB
../../../../var/folders/dg/np5zb3qx4pz6qn5gc73wlvch0000gn/T/chromatic--89287-NQTFrCNSGGvs/assets/styling-c83082e0.png                                                   7.24 kB
../../../../var/folders/dg/np5zb3qx4pz6qn5gc73wlvch0000gn/T/chromatic--89287-NQTFrCNSGGvs/iframe.html                                                                  12.86 kB │ gzip:   3.64 kB
../../../../var/folders/dg/np5zb3qx4pz6qn5gc73wlvch0000gn/T/chromatic--89287-NQTFrCNSGGvs/assets/docs-5b0c7100.png                                                     27.88 kB
../../../../var/folders/dg/np5zb3qx4pz6qn5gc73wlvch0000gn/T/chromatic--89287-NQTFrCNSGGvs/assets/share-b59d6c77.png                                                    40.77 kB
../../../../var/folders/dg/np5zb3qx4pz6qn5gc73wlvch0000gn/T/chromatic--89287-NQTFrCNSGGvs/assets/accessibility-cd6d60f7.png                                            42.34 kB
../../../../var/folders/dg/np5zb3qx4pz6qn5gc73wlvch0000gn/T/chromatic--89287-NQTFrCNSGGvs/assets/figma-plugin-b0a5ad2d.png                                             44.25 kB
../../../../var/folders/dg/np5zb3qx4pz6qn5gc73wlvch0000gn/T/chromatic--89287-NQTFrCNSGGvs/assets/theming-b6e819c3.png                                                  44.37 kB
../../../../var/folders/dg/np5zb3qx4pz6qn5gc73wlvch0000gn/T/chromatic--89287-NQTFrCNSGGvs/assets/testing-6a59f681.png                                                  49.31 kB
../../../../var/folders/dg/np5zb3qx4pz6qn5gc73wlvch0000gn/T/chromatic--89287-NQTFrCNSGGvs/assets/addon-library-bc7ba705.png                                           467.37 kB
../../../../var/folders/dg/np5zb3qx4pz6qn5gc73wlvch0000gn/T/chromatic--89287-NQTFrCNSGGvs/assets/Header-a6911580.css                                                    0.51 kB │ gzip:   0.31 kB
../../../../var/folders/dg/np5zb3qx4pz6qn5gc73wlvch0000gn/T/chromatic--89287-NQTFrCNSGGvs/assets/Button-bc1a867b.css                                                    0.52 kB │ gzip:   0.29 kB
../../../../var/folders/dg/np5zb3qx4pz6qn5gc73wlvch0000gn/T/chromatic--89287-NQTFrCNSGGvs/assets/Page.stories-ece1482a.css                                              0.93 kB │ gzip:   0.39 kB
../../../../var/folders/dg/np5zb3qx4pz6qn5gc73wlvch0000gn/T/chromatic--89287-NQTFrCNSGGvs/assets/emotion-use-insertion-effect-with-fallbacks.browser.esm-ae8e40e8.js    0.18 kB │ gzip:   0.16 kB
../../../../var/folders/dg/np5zb3qx4pz6qn5gc73wlvch0000gn/T/chromatic--89287-NQTFrCNSGGvs/assets/index-186b3228.js                                                      0.21 kB │ gzip:   0.17 kB
../../../../var/folders/dg/np5zb3qx4pz6qn5gc73wlvch0000gn/T/chromatic--89287-NQTFrCNSGGvs/assets/WithTooltip-V3YHNWJZ-6728a238.js                                       0.48 kB │ gzip:   0.27 kB
../../../../var/folders/dg/np5zb3qx4pz6qn5gc73wlvch0000gn/T/chromatic--89287-NQTFrCNSGGvs/assets/syntaxhighlighter-V7JZZA35-e56b9a6a.js                                 0.49 kB │ gzip:   0.29 kB
../../../../var/folders/dg/np5zb3qx4pz6qn5gc73wlvch0000gn/T/chromatic--89287-NQTFrCNSGGvs/assets/index-1d576ef5.js                                                      0.49 kB │ gzip:   0.31 kB
../../../../var/folders/dg/np5zb3qx4pz6qn5gc73wlvch0000gn/T/chromatic--89287-NQTFrCNSGGvs/assets/react-18-ff2c0a32.js                                                   0.55 kB │ gzip:   0.34 kB
../../../../var/folders/dg/np5zb3qx4pz6qn5gc73wlvch0000gn/T/chromatic--89287-NQTFrCNSGGvs/assets/preview-47fc6284.js                                                    0.60 kB │ gzip:   0.36 kB
../../../../var/folders/dg/np5zb3qx4pz6qn5gc73wlvch0000gn/T/chromatic--89287-NQTFrCNSGGvs/assets/preview-73104b77.js                                                    0.64 kB │ gzip:   0.44 kB
../../../../var/folders/dg/np5zb3qx4pz6qn5gc73wlvch0000gn/T/chromatic--89287-NQTFrCNSGGvs/assets/_commonjsHelpers-042e6b4d.js                                           0.73 kB │ gzip:   0.40 kB
../../../../var/folders/dg/np5zb3qx4pz6qn5gc73wlvch0000gn/T/chromatic--89287-NQTFrCNSGGvs/assets/index-356e4a49.js                                                      0.77 kB │ gzip:   0.47 kB
../../../../var/folders/dg/np5zb3qx4pz6qn5gc73wlvch0000gn/T/chromatic--89287-NQTFrCNSGGvs/assets/index-1fc0ca9a.js                                                      0.80 kB │ gzip:   0.52 kB
../../../../var/folders/dg/np5zb3qx4pz6qn5gc73wlvch0000gn/T/chromatic--89287-NQTFrCNSGGvs/assets/preview-0ef86afd.js                                                    0.86 kB │ gzip:   0.55 kB
../../../../var/folders/dg/np5zb3qx4pz6qn5gc73wlvch0000gn/T/chromatic--89287-NQTFrCNSGGvs/assets/jsx-runtime-91a467a5.js                                                0.97 kB │ gzip:   0.61 kB
../../../../var/folders/dg/np5zb3qx4pz6qn5gc73wlvch0000gn/T/chromatic--89287-NQTFrCNSGGvs/assets/Header.stories-8983305e.js                                             1.00 kB │ gzip:   0.51 kB
../../../../var/folders/dg/np5zb3qx4pz6qn5gc73wlvch0000gn/T/chromatic--89287-NQTFrCNSGGvs/assets/entry-preview-9a7a36af.js                                              1.15 kB │ gzip:   0.67 kB
../../../../var/folders/dg/np5zb3qx4pz6qn5gc73wlvch0000gn/T/chromatic--89287-NQTFrCNSGGvs/assets/animation-4b5767ec.js                                                  1.19 kB │ gzip:   0.39 kB
../../../../var/folders/dg/np5zb3qx4pz6qn5gc73wlvch0000gn/T/chromatic--89287-NQTFrCNSGGvs/assets/DocsRenderer-NNNQARDV-b2a2032d.js                                      1.36 kB │ gzip:   0.72 kB
../../../../var/folders/dg/np5zb3qx4pz6qn5gc73wlvch0000gn/T/chromatic--89287-NQTFrCNSGGvs/assets/Button-1b3bf1ff.js                                                     1.46 kB │ gzip:   0.68 kB
../../../../var/folders/dg/np5zb3qx4pz6qn5gc73wlvch0000gn/T/chromatic--89287-NQTFrCNSGGvs/assets/Button.stories-5e5bf8ff.js                                             1.66 kB │ gzip:   0.64 kB
../../../../var/folders/dg/np5zb3qx4pz6qn5gc73wlvch0000gn/T/chromatic--89287-NQTFrCNSGGvs/assets/Header-cd9152ad.js                                                     1.68 kB │ gzip:   0.82 kB
../../../../var/folders/dg/np5zb3qx4pz6qn5gc73wlvch0000gn/T/chromatic--89287-NQTFrCNSGGvs/assets/preview-06b62197.js                                                    1.80 kB │ gzip:   0.95 kB
../../../../var/folders/dg/np5zb3qx4pz6qn5gc73wlvch0000gn/T/chromatic--89287-NQTFrCNSGGvs/assets/styles-36a5b465.js                                                     2.08 kB │ gzip:   1.17 kB
../../../../var/folders/dg/np5zb3qx4pz6qn5gc73wlvch0000gn/T/chromatic--89287-NQTFrCNSGGvs/assets/preview-77a968f3.js                                                    2.53 kB │ gzip:   1.29 kB
../../../../var/folders/dg/np5zb3qx4pz6qn5gc73wlvch0000gn/T/chromatic--89287-NQTFrCNSGGvs/assets/StoryLinkWrapper-e6e3803d.js                                           2.54 kB │ gzip:   1.26 kB
../../../../var/folders/dg/np5zb3qx4pz6qn5gc73wlvch0000gn/T/chromatic--89287-NQTFrCNSGGvs/assets/index-11d98b33.js                                                      2.59 kB │ gzip:   1.26 kB
../../../../var/folders/dg/np5zb3qx4pz6qn5gc73wlvch0000gn/T/chromatic--89287-NQTFrCNSGGvs/assets/preview-errors-dde4324f.js                                             2.80 kB │ gzip:   1.29 kB
../../../../var/folders/dg/np5zb3qx4pz6qn5gc73wlvch0000gn/T/chromatic--89287-NQTFrCNSGGvs/assets/Icon.stories-a1cced90.js                                               3.17 kB │ gzip:   1.24 kB
../../../../var/folders/dg/np5zb3qx4pz6qn5gc73wlvch0000gn/T/chromatic--89287-NQTFrCNSGGvs/assets/preview-30b54f76.js                                                    3.21 kB │ gzip:   1.37 kB
../../../../var/folders/dg/np5zb3qx4pz6qn5gc73wlvch0000gn/T/chromatic--89287-NQTFrCNSGGvs/assets/Badge.stories-58c69752.js                                              4.81 kB │ gzip:   1.56 kB
../../../../var/folders/dg/np5zb3qx4pz6qn5gc73wlvch0000gn/T/chromatic--89287-NQTFrCNSGGvs/assets/Avatar.stories-2d99b789.js                                             6.27 kB │ gzip:   2.10 kB
../../../../var/folders/dg/np5zb3qx4pz6qn5gc73wlvch0000gn/T/chromatic--89287-NQTFrCNSGGvs/assets/index-8db94870.js                                                      7.16 kB │ gzip:   2.91 kB
../../../../var/folders/dg/np5zb3qx4pz6qn5gc73wlvch0000gn/T/chromatic--89287-NQTFrCNSGGvs/assets/Link.stories-178bb913.js                                               7.20 kB │ gzip:   2.27 kB
../../../../var/folders/dg/np5zb3qx4pz6qn5gc73wlvch0000gn/T/chromatic--89287-NQTFrCNSGGvs/assets/preview-da31036b.js                                                    7.62 kB │ gzip:   1.56 kB
../../../../var/folders/dg/np5zb3qx4pz6qn5gc73wlvch0000gn/T/chromatic--89287-NQTFrCNSGGvs/assets/iframe-23a18284.js                                                     7.88 kB │ gzip:   1.97 kB
../../../../var/folders/dg/np5zb3qx4pz6qn5gc73wlvch0000gn/T/chromatic--89287-NQTFrCNSGGvs/assets/preview-c56bf6ac.js                                                    8.28 kB │ gzip:   3.16 kB
../../../../var/folders/dg/np5zb3qx4pz6qn5gc73wlvch0000gn/T/chromatic--89287-NQTFrCNSGGvs/assets/polished.esm-b6220ab2.js                                              10.86 kB │ gzip:   3.87 kB
../../../../var/folders/dg/np5zb3qx4pz6qn5gc73wlvch0000gn/T/chromatic--89287-NQTFrCNSGGvs/assets/Configure-f20d9250.js                                                 17.06 kB │ gzip:   7.74 kB
../../../../var/folders/dg/np5zb3qx4pz6qn5gc73wlvch0000gn/T/chromatic--89287-NQTFrCNSGGvs/assets/emotion-react-jsx-runtime.browser.esm-49c5a9b7.js                     17.47 kB │ gzip:   7.05 kB
../../../../var/folders/dg/np5zb3qx4pz6qn5gc73wlvch0000gn/T/chromatic--89287-NQTFrCNSGGvs/assets/Color-6VNJS4EI-7deee56c.js                                            31.09 kB │ gzip:  11.65 kB
../../../../var/folders/dg/np5zb3qx4pz6qn5gc73wlvch0000gn/T/chromatic--89287-NQTFrCNSGGvs/assets/preview-a07ea659.js                                                   72.07 kB │ gzip:  24.33 kB
../../../../var/folders/dg/np5zb3qx4pz6qn5gc73wlvch0000gn/T/chromatic--89287-NQTFrCNSGGvs/assets/index-f1eb1ba1.js                                                     78.40 kB │ gzip:  23.41 kB
../../../../var/folders/dg/np5zb3qx4pz6qn5gc73wlvch0000gn/T/chromatic--89287-NQTFrCNSGGvs/assets/index-8ce4a492.js                                                    134.07 kB │ gzip:  43.20 kB
../../../../var/folders/dg/np5zb3qx4pz6qn5gc73wlvch0000gn/T/chromatic--89287-NQTFrCNSGGvs/assets/Icon-4336ee49.js                                                     140.34 kB │ gzip:  51.51 kB
../../../../var/folders/dg/np5zb3qx4pz6qn5gc73wlvch0000gn/T/chromatic--89287-NQTFrCNSGGvs/assets/entry-preview-docs-0bd1e60b.js                                       212.42 kB │ gzip:  65.85 kB
../../../../var/folders/dg/np5zb3qx4pz6qn5gc73wlvch0000gn/T/chromatic--89287-NQTFrCNSGGvs/assets/Button.stories-a3e94d33.js                                           361.70 kB │ gzip:  85.13 kB
../../../../var/folders/dg/np5zb3qx4pz6qn5gc73wlvch0000gn/T/chromatic--89287-NQTFrCNSGGvs/assets/index-e78a8db0.js                                                    527.87 kB │ gzip: 171.63 kB
../../../../var/folders/dg/np5zb3qx4pz6qn5gc73wlvch0000gn/T/chromatic--89287-NQTFrCNSGGvs/assets/Page.stories-f7967bbb.js                                             563.23 kB │ gzip: 149.08 kB
../../../../var/folders/dg/np5zb3qx4pz6qn5gc73wlvch0000gn/T/chromatic--89287-NQTFrCNSGGvs/assets/formatter-SWP5E3XI-bd6b4518.js                                       601.67 kB │ gzip: 185.04 kB

(!) Some chunks are larger than 500 kBs after minification. Consider:
- Using dynamic import() to code-split the application
- Use build.rollupOptions.output.manualChunks to improve chunking: https://rollupjs.org/configuration-options/#output-manualchunks
- Adjust chunk size limit for this warning via build.chunkSizeWarningLimit.
✓ built in 5.82s
info => Preview built (6.56 s)
info => Output directory: /var/folders/dg/np5zb3qx4pz6qn5gc73wlvch0000gn/T/chromatic--89287-NQTFrCNSGGvs
Done in 8.80s.
